<?xml version="1.0" encoding="UTF-8"?>
<testng-results ignored="0" total="2" passed="2" failed="0" skipped="0">
  <reporter-output>
  </reporter-output>
  <suite started-at="2023-12-10T20:23:23 IST" name="Testing_Suite" finished-at="2023-12-10T20:24:48 IST" duration-ms="85232">
    <groups>
      <group name="cucumber">
        <method signature="AbstractTestNGCucumberTests.runScenario(io.cucumber.testng.PickleWrapper,io.cucumber.testng.FeatureWrapper)[pri:0, instance:bddCocumberRunnerFile.RunnerFile@548a24a]" name="runScenario" class="io.cucumber.testng.AbstractTestNGCucumberTests"/>
      </group> <!-- cucumber -->
    </groups>
    <test started-at="2023-12-10T20:23:23 IST" name="SmokeTest" finished-at="2023-12-10T20:24:48 IST" duration-ms="85232">
      <class name="bddCocumberRunnerFile.RunnerFile">
        <test-method is-config="true" signature="setUpClass(org.testng.ITestContext)[pri:0, instance:bddCocumberRunnerFile.RunnerFile@548a24a]" started-at="2023-12-10T20:23:23 IST" name="setUpClass" finished-at="2023-12-10T20:23:24 IST" duration-ms="1229" status="PASS">
          <params>
            <param index="0">
              <value>
                <![CDATA[org.testng.TestRunner@56e9a474]]>
              </value>
            </param>
          </params>
          <reporter-output>
          </reporter-output>
        </test-method> <!-- setUpClass -->
        <test-method signature="runScenario(io.cucumber.testng.PickleWrapper,io.cucumber.testng.FeatureWrapper)[pri:0, instance:bddCocumberRunnerFile.RunnerFile@548a24a]" started-at="2023-12-10T20:23:24 IST" name="runScenario" description="Runs Cucumber Scenarios" data-provider="scenarios" finished-at="2023-12-10T20:24:30 IST" duration-ms="65855" status="PASS">
          <params>
            <param index="0">
              <value>
                <![CDATA["Title of your scenario"]]>
              </value>
            </param>
            <param index="1">
              <value>
                <![CDATA["Login page"]]>
              </value>
            </param>
          </params>
          <reporter-output>
          </reporter-output>
        </test-method> <!-- runScenario -->
        <test-method signature="runScenario(io.cucumber.testng.PickleWrapper,io.cucumber.testng.FeatureWrapper)[pri:0, instance:bddCocumberRunnerFile.RunnerFile@548a24a]" started-at="2023-12-10T20:24:30 IST" name="runScenario" description="Runs Cucumber Scenarios" data-provider="scenarios" finished-at="2023-12-10T20:24:48 IST" duration-ms="17972" status="PASS">
          <params>
            <param index="0">
              <value>
                <![CDATA["Title of your scenario"]]>
              </value>
            </param>
            <param index="1">
              <value>
                <![CDATA["Login page"]]>
              </value>
            </param>
          </params>
          <reporter-output>
          </reporter-output>
        </test-method> <!-- runScenario -->
        <test-method is-config="true" signature="tearDownClass()[pri:0, instance:bddCocumberRunnerFile.RunnerFile@548a24a]" started-at="2023-12-10T20:24:48 IST" name="tearDownClass" finished-at="2023-12-10T20:24:48 IST" duration-ms="35" status="PASS">
          <reporter-output>
          </reporter-output>
        </test-method> <!-- tearDownClass -->
      </class> <!-- bddCocumberRunnerFile.RunnerFile -->
    </test> <!-- SmokeTest -->
  </suite> <!-- Testing_Suite -->
</testng-results>
